<?xml version="1.0" encoding="UTF-8"?>
<robot generator="Robot 3.1.1 (Python 3.7.2 on win32)" generated="20190220 23:05:28.431" rpa="false">
<suite id="s1" name="Kolea Robot" source="C:\KOLEA\Workspace\Kolea_Robot">
<suite id="s1-s1" name="Test" source="C:\KOLEA\Workspace\Kolea_Robot\Test">
<suite id="s1-s1-s1" name="TestSuite1" source="C:\KOLEA\Workspace\Kolea_Robot\Test\TestSuite1.robot">
<kw name="Log" library="BuiltIn" type="setup">
<doc>Logs the given message with the given level.</doc>
<arguments>
<arg>I am inside Test Suite Setup</arg>
</arguments>
<msg timestamp="20190220 23:05:29.070" level="INFO">I am inside Test Suite Setup</msg>
<status status="PASS" starttime="20190220 23:05:29.069" endtime="20190220 23:05:29.071"></status>
</kw>
<test id="s1-s1-s1-t1" name="MySecondTest">
<kw name="Log" library="BuiltIn" type="setup">
<doc>Logs the given message with the given level.</doc>
<arguments>
<arg>I am inside Test Setup</arg>
</arguments>
<msg timestamp="20190220 23:05:29.076" level="INFO">I am inside Test Setup</msg>
<status status="PASS" starttime="20190220 23:05:29.075" endtime="20190220 23:05:29.077"></status>
</kw>
<kw name="Set Tags" library="BuiltIn">
<doc>Adds given ``tags`` for the current test or all tests in a suite.</doc>
<arguments>
<arg>Regression1</arg>
</arguments>
<msg timestamp="20190220 23:05:29.080" level="INFO">Set tag 'Regression1'.</msg>
<status status="PASS" starttime="20190220 23:05:29.078" endtime="20190220 23:05:29.080"></status>
</kw>
<kw name="Log" library="BuiltIn">
<doc>Logs the given message with the given level.</doc>
<arguments>
<arg>I am inside my 2nd test</arg>
</arguments>
<msg timestamp="20190220 23:05:29.085" level="INFO">I am inside my 2nd test</msg>
<status status="PASS" starttime="20190220 23:05:29.082" endtime="20190220 23:05:29.086"></status>
</kw>
<kw name="Log" library="BuiltIn" type="teardown">
<doc>Logs the given message with the given level.</doc>
<arguments>
<arg>I am inside Test Teardown</arg>
</arguments>
<msg timestamp="20190220 23:05:29.088" level="INFO">I am inside Test Teardown</msg>
<status status="PASS" starttime="20190220 23:05:29.088" endtime="20190220 23:05:29.089"></status>
</kw>
<tags>
<tag>Regression1</tag>
<tag>Sanity</tag>
</tags>
<status status="PASS" starttime="20190220 23:05:29.072" endtime="20190220 23:05:29.090" critical="yes"></status>
</test>
<kw name="Log" library="BuiltIn" type="teardown">
<doc>Logs the given message with the given level.</doc>
<arguments>
<arg>I am inside Test Suite Teardown</arg>
</arguments>
<msg timestamp="20190220 23:05:29.095" level="INFO">I am inside Test Suite Teardown</msg>
<status status="PASS" starttime="20190220 23:05:29.094" endtime="20190220 23:05:29.095"></status>
</kw>
<status status="PASS" starttime="20190220 23:05:28.603" endtime="20190220 23:05:29.096"></status>
</suite>
<status status="PASS" starttime="20190220 23:05:28.595" endtime="20190220 23:05:29.101"></status>
</suite>
<status status="PASS" starttime="20190220 23:05:28.507" endtime="20190220 23:05:29.104"></status>
</suite>
<statistics>
<total>
<stat pass="1" fail="0">Critical Tests</stat>
<stat pass="1" fail="0">All Tests</stat>
</total>
<tag>
<stat pass="1" fail="0">Regression1</stat>
<stat pass="1" fail="0">Sanity</stat>
</tag>
<suite>
<stat pass="1" fail="0" id="s1" name="Kolea Robot">Kolea Robot</stat>
<stat pass="1" fail="0" id="s1-s1" name="Test">Kolea Robot.Test</stat>
<stat pass="1" fail="0" id="s1-s1-s1" name="TestSuite1">Kolea Robot.Test.TestSuite1</stat>
</suite>
</statistics>
<errors>
</errors>
</robot>
