<?xml version="1.0" encoding="UTF-8"?>
<robot generator="Robot 3.1.1 (Python 3.7.2 on win32)" generated="20190221 15:55:24.001" rpa="false">
<suite id="s1" name="RobotProject2" source="C:\KOLEA\Workspace\RobotProject2">
<suite id="s1-s1" name="Test" source="C:\KOLEA\Workspace\RobotProject2\Test">
<suite id="s1-s1-s1" name="TestSuite2" source="C:\KOLEA\Workspace\RobotProject2\Test\TestSuite2.robot">
<test id="s1-s1-s1-t1" name="MyTestCase">
<kw name="Log" library="BuiltIn">
<doc>Logs the given message with the given level.</doc>
<arguments>
<arg>Hello Kolea...</arg>
</arguments>
<msg timestamp="20190221 15:55:24.144" level="INFO">Hello Kolea...</msg>
<status status="PASS" starttime="20190221 15:55:24.144" endtime="20190221 15:55:24.144"></status>
</kw>
<status status="PASS" starttime="20190221 15:55:24.144" endtime="20190221 15:55:24.144" critical="yes"></status>
</test>
<test id="s1-s1-s1-t2" name="MySecondTest">
<kw name="Log" library="BuiltIn">
<doc>Logs the given message with the given level.</doc>
<arguments>
<arg>I am inside my 2nd test</arg>
</arguments>
<msg timestamp="20190221 15:55:24.160" level="INFO">I am inside my 2nd test</msg>
<status status="PASS" starttime="20190221 15:55:24.160" endtime="20190221 15:55:24.160"></status>
</kw>
<status status="PASS" starttime="20190221 15:55:24.144" endtime="20190221 15:55:24.160" critical="yes"></status>
</test>
<status status="PASS" starttime="20190221 15:55:24.144" endtime="20190221 15:55:24.160"></status>
</suite>
<status status="PASS" starttime="20190221 15:55:24.129" endtime="20190221 15:55:24.160"></status>
</suite>
<status status="PASS" starttime="20190221 15:55:24.063" endtime="20190221 15:55:24.160"></status>
</suite>
<statistics>
<total>
<stat pass="2" fail="0">Critical Tests</stat>
<stat pass="2" fail="0">All Tests</stat>
</total>
<tag>
</tag>
<suite>
<stat pass="2" fail="0" id="s1" name="RobotProject2">RobotProject2</stat>
<stat pass="2" fail="0" id="s1-s1" name="Test">RobotProject2.Test</stat>
<stat pass="2" fail="0" id="s1-s1-s1" name="TestSuite2">RobotProject2.Test.TestSuite2</stat>
</suite>
</statistics>
<errors>
</errors>
</robot>
